<?xml version="1.0" encoding="UTF-8"?>
<!-- Generated by org.testng.reporters.JUnitReportReporter -->
<testsuite hostname="DESKTOP-JTCIL9C" failures="0" tests="1" name="OnboardingTest.OnboardingTest" time="62.677" errors="0" timestamp="2023-09-17T21:36:40 IST" skipped="0">
  <testcase classname="OnboardingTest.OnboardingTest" name="VerificationOfSteponeUrl" time="62.677"/>
  <system-out/>
</testsuite> <!-- OnboardingTest.OnboardingTest -->
